<?xml version="1.0" encoding="UTF-8"?>
<!-- Generated by org.testng.reporters.JUnitXMLReporter -->
<testsuite ignored="0" hostname="LAPTOP-HP3742QA" failures="0" tests="3" name="Default test" time="21.749" errors="0" timestamp="2020-06-11T09:36:05 IST">
  <testcase classname="com.crm.qa.testcases.LoginPageTest" name="validateloginPageTitleTest" time="0.03"/>
  <testcase classname="com.crm.qa.testcases.LoginPageTest" name="validateCRMlogotest" time="0.498"/>
  <testcase classname="com.crm.qa.testcases.LoginPageTest" name="logintest" time="3.41"/>
</testsuite> <!-- Default test -->
