<?xml version="1.0" encoding="UTF-8"?>
<!-- Generated by org.testng.reporters.JUnitXMLReporter -->
<testsuite ignored="0" hostname="LAPTOP-HP3742QA" failures="0" tests="3" name="Default test" time="44.343" errors="0" timestamp="2020-06-09T13:07:43 IST">
  <testcase classname="com.crm.qa.testcases.LoginPageTest" name="validateloginPageTitleTest" time="0.02"/>
  <testcase classname="com.crm.qa.testcases.LoginPageTest" name="validateCRMlogotest" time="0.115"/>
  <testcase classname="com.crm.qa.testcases.LoginPageTest" name="logintest" time="7.022"/>
</testsuite> <!-- Default test -->
