<?xml version="1.0" encoding="UTF-8"?>
<testng-results ignored="0" total="3" passed="3" failed="0" skipped="0">
  <reporter-output>
  </reporter-output>
  <suite started-at="2020-06-11T09:35:43 IST" name="Default suite" finished-at="2020-06-11T09:36:05 IST" duration-ms="21749">
    <groups>
    </groups>
    <test started-at="2020-06-11T09:35:43 IST" name="Default test" finished-at="2020-06-11T09:36:05 IST" duration-ms="21749">
      <class name="com.crm.qa.testcases.LoginPageTest">
        <test-method is-config="true" signature="setUp()[pri:0, instance:com.crm.qa.testcases.LoginPageTest@15b204a1]" started-at="2020-06-11T09:35:43 IST" name="setUp" finished-at="2020-06-11T09:35:53 IST" duration-ms="9866" status="PASS">
          <reporter-output>
          </reporter-output>
        </test-method> <!-- setUp -->
        <test-method signature="validateloginPageTitleTest()[pri:1, instance:com.crm.qa.testcases.LoginPageTest@15b204a1]" started-at="2020-06-11T09:35:53 IST" name="validateloginPageTitleTest" finished-at="2020-06-11T09:35:53 IST" duration-ms="30" status="PASS">
          <reporter-output>
          </reporter-output>
        </test-method> <!-- validateloginPageTitleTest -->
        <test-method is-config="true" signature="tearDown()[pri:0, instance:com.crm.qa.testcases.LoginPageTest@15b204a1]" started-at="2020-06-11T09:35:53 IST" name="tearDown" finished-at="2020-06-11T09:35:54 IST" duration-ms="638" status="PASS">
          <reporter-output>
          </reporter-output>
        </test-method> <!-- tearDown -->
        <test-method is-config="true" signature="setUp()[pri:0, instance:com.crm.qa.testcases.LoginPageTest@15b204a1]" started-at="2020-06-11T09:35:54 IST" name="setUp" finished-at="2020-06-11T09:35:57 IST" duration-ms="3026" status="PASS">
          <reporter-output>
          </reporter-output>
        </test-method> <!-- setUp -->
        <test-method signature="validateCRMlogotest()[pri:2, instance:com.crm.qa.testcases.LoginPageTest@15b204a1]" started-at="2020-06-11T09:35:57 IST" name="validateCRMlogotest" finished-at="2020-06-11T09:35:57 IST" duration-ms="498" status="PASS">
          <reporter-output>
          </reporter-output>
        </test-method> <!-- validateCRMlogotest -->
        <test-method is-config="true" signature="tearDown()[pri:0, instance:com.crm.qa.testcases.LoginPageTest@15b204a1]" started-at="2020-06-11T09:35:57 IST" name="tearDown" finished-at="2020-06-11T09:35:58 IST" duration-ms="643" status="PASS">
          <reporter-output>
          </reporter-output>
        </test-method> <!-- tearDown -->
        <test-method is-config="true" signature="setUp()[pri:0, instance:com.crm.qa.testcases.LoginPageTest@15b204a1]" started-at="2020-06-11T09:35:58 IST" name="setUp" finished-at="2020-06-11T09:36:01 IST" duration-ms="2912" status="PASS">
          <reporter-output>
          </reporter-output>
        </test-method> <!-- setUp -->
        <test-method signature="logintest()[pri:3, instance:com.crm.qa.testcases.LoginPageTest@15b204a1]" started-at="2020-06-11T09:36:01 IST" name="logintest" finished-at="2020-06-11T09:36:04 IST" duration-ms="3410" status="PASS">
          <reporter-output>
          </reporter-output>
        </test-method> <!-- logintest -->
        <test-method is-config="true" signature="tearDown()[pri:0, instance:com.crm.qa.testcases.LoginPageTest@15b204a1]" started-at="2020-06-11T09:36:04 IST" name="tearDown" finished-at="2020-06-11T09:36:05 IST" duration-ms="637" status="PASS">
          <reporter-output>
          </reporter-output>
        </test-method> <!-- tearDown -->
      </class> <!-- com.crm.qa.testcases.LoginPageTest -->
    </test> <!-- Default test -->
  </suite> <!-- Default suite -->
</testng-results>
